<?xml version="1.0" encoding="UTF-8"?>
<testng-results ignored="0" total="0" passed="0" failed="0" skipped="0">
  <reporter-output>
  </reporter-output>
  <suite started-at="2025-01-14T23:31:57 IST" name="Surefire suite" finished-at="2025-01-14T23:31:57 IST" duration-ms="14">
    <groups>
    </groups>
    <test started-at="2025-01-14T23:31:57 IST" name="Surefire test" finished-at="2025-01-14T23:31:57 IST" duration-ms="14">
      <class name="TestBase.TestBase">
        <test-method is-config="true" signature="getExtentInstance()[pri:0, instance:TestBase.TestBase@3406472c]" started-at="2025-01-14T23:31:57 IST" name="getExtentInstance" finished-at="2025-01-14T23:31:57 IST" duration-ms="177" status="PASS">
          <reporter-output>
          </reporter-output>
        </test-method> <!-- getExtentInstance -->
        <test-method is-config="true" signature="tearDownReport()[pri:0, instance:TestBase.TestBase@3406472c]" started-at="2025-01-14T23:31:57 IST" name="tearDownReport" finished-at="2025-01-14T23:31:58 IST" duration-ms="203" status="PASS">
          <reporter-output>
          </reporter-output>
        </test-method> <!-- tearDownReport -->
      </class> <!-- TestBase.TestBase -->
    </test> <!-- Surefire test -->
  </suite> <!-- Surefire suite -->
</testng-results>
